---------------------------------------------------
M.U.G.E.N ver 1.1.0 Beta 1 P1 (2013.08.11) status log
---------------------------------------------------
Parsing command line...
Command line: C:\Users\usuario\Downloads\mugen\mugen-1_1b1\mugen.exe
Parse command line OK
Initializing...
Allocating game variables
Reading configuration file...Setting language "en".
OK
Initializing timer...performance timer enabled...frequency 10000000...OK
Initializing keyboard...configuring...OK
Initializing input engine...OK
Initializing sound...OK
Initializing BGM...  OK
Initializing graphics...gameCoord 1280x720...render mode 2_20...trying 1280x720x32 mode 0x0...success...OK
Setting callbacks...OK
Initializing font...OK
Initializing game variables...OK
Session RNG seed is 1642072073
Loading system fonts...OK
Loading options...
Initializing pads...OK
Reinitializing input engine...OK
Remapping keys...OK
Reinitializing input engine...OK
Options loaded OK
Loading system...
  Load system file system.def...OK
  Load system spr...OK
  Load system snd...OK
  Load system fonts...OK
  Load system anim...OK
  Load [Title Info]...OK
  Load [Option Info]...OK
  Load [Select Info]...OK
  Load [VS Screen]...OK
  Load [Victory Screen]...OK
  Load [Demo Mode]...OK
  Load [Continue Screen]...OK
  Load [Game Over Screen]...OK
  Load [Win Screen]...OK
  Load [Survival Results Screen]...OK
  Load [Default Ending]...OK
  Load [End Credits]...OK
  Load TitleBG...VersusBG...VictoryBG...SelectBG...OptionBG...OK
  Loading fight data
    Opening fight data file data/MMMBE/fight.def...OK
    Reading [Files]...OK
    Loading fonts...OK
    Load fight anim...OK
    Reading [Lifebar]...[Turns Lifebar]...[Simul Lifebar]...[Powerbar]...
    [Face]...[Simul Face]...[Turns Face]...
    [Name]...[Simul Name]...[Turns Name]...
    [Time]...[Combo]...[Round]...[WinIcon]...OK
    Allocating explods...OK
  Fight data loaded OK
Lua initing
Lua init complete
System loaded OK
Initialize OK
Set up graphics...timer...OK

Entering gameflow loop
Gameflow 0
Gameflow 1
Gameflow 2
Initializing character info...OK
Initializing select screen...finding characters...
  Error reading character file: chars/donteditthislineleaveitaloneplease/donteditthislineleaveitaloneplease.def

  Error reading character file: chars/edonteditthislineleaveitalonepleas/edonteditthislineleaveitalonepleas.def

  Error reading character file: chars/sedonteditthislineleaveitaloneplea/sedonteditthislineleaveitaloneplea.def

  Error reading character file: chars/asedonteditthislineleaveitaloneple/asedonteditthislineleaveitaloneple.def

  Error reading character file: chars/easedonteditthislineleaveitalonepl/easedonteditthislineleaveitalonepl.def

  Error reading character file: chars/leasedonteditthislineleaveitalonep/leasedonteditthislineleaveitalonep.def

  Error reading character file: chars/donteditthislineleaveitaloneplease/donteditthislineleaveitaloneplease.def

  Error reading character file: chars/edonteditthislineleaveitalonepleas/edonteditthislineleaveitalonepleas.def

  Error reading character file: chars/donteditthislineleaveitaloneplease/donteditthislineleaveitaloneplease.def

  Error reading character file: chars/edonteditthislineleaveitalonepleas/edonteditthislineleaveitalonepleas.def

  Error reading character file: chars/sedonteditthislineleaveitaloneplea/sedonteditthislineleaveitaloneplea.def

  Error reading character file: chars/asedonteditthislineleaveitaloneple/asedonteditthislineleaveitaloneple.def

  Error reading character file: chars/easedonteditthislineleaveitalonepl/easedonteditthislineleaveitalonepl.def

  Error reading character file: chars/leasedonteditthislineleaveitalonep/leasedonteditthislineleaveitalonep.def

  Error reading character file: chars/pleasedonteditthislineleaveitalone/pleasedonteditthislineleaveitalone.def

  Error reading character file: chars/epleasedonteditthislineleaveitalon/epleasedonteditthislineleaveitalon.def

  Error reading character file: chars/nepleasedonteditthislineleaveitalo/nepleasedonteditthislineleaveitalo.def

  Error reading character file: chars/onepleasedonteditthislineleaveital/onepleasedonteditthislineleaveital.def

  Error reading character file: chars/lonepleasedonteditthislineleaveita/lonepleasedonteditthislineleaveita.def

  Error reading character file: chars/donteditthislineleaveitaloneplease/donteditthislineleaveitaloneplease.def

  Error reading character file: chars/edonteditthislineleaveitalonepleas/edonteditthislineleaveitalonepleas.def

  Error reading character file: chars/sedonteditthislineleaveitaloneplea/sedonteditthislineleaveitaloneplea.def

  Error reading character file: chars/asedonteditthislineleaveitaloneple/asedonteditthislineleaveitaloneple.def

  Error reading character file: chars/easedonteditthislineleaveitalonepl/easedonteditthislineleaveitalonepl.def

  Error reading character file: chars/leasedonteditthislineleaveitalonep/leasedonteditthislineleaveitalonep.def

  Error reading character file: chars/donteditthislineleaveitaloneplease/donteditthislineleaveitaloneplease.def

  Error reading character file: chars/donteditthislineleaveitaloneplease/donteditthislineleaveitaloneplease.def

  Error reading character file: chars/edonteditthislineleaveitalonepleas/edonteditthislineleaveitalonepleas.def

  Error reading character file: chars/sedonteditthislineleaveitaloneplea/sedonteditthislineleaveitaloneplea.def

  Error reading character file: chars/asedonteditthislineleaveitaloneple/asedonteditthislineleaveitaloneple.def

  Error reading character file: chars/easedonteditthislineleaveitalonepl/easedonteditthislineleaveitalonepl.def

  Error reading character file: chars/leasedonteditthislineleaveitalonep/leasedonteditthislineleaveitalonep.def

  Error reading character file: chars/pleasedonteditthislineleaveitalone/pleasedonteditthislineleaveitalone.def

  Error reading character file: chars/epleasedonteditthislineleaveitalon/epleasedonteditthislineleaveitalon.def

  Error reading character file: chars/nepleasedonteditthislineleaveitalo/nepleasedonteditthislineleaveitalo.def

  Error reading character file: chars/onepleasedonteditthislineleaveital/onepleasedonteditthislineleaveital.def

  Error reading character file: chars/lonepleasedonteditthislineleaveita/lonepleasedonteditthislineleaveita.def

  Error reading character file: chars/donteditthislineleaveitaloneplease/donteditthislineleaveitaloneplease.def

  Error reading character file: chars/edonteditthislineleaveitalonepleas/edonteditthislineleaveitalonepleas.def

  Error reading character file: chars/sedonteditthislineleaveitaloneplea/sedonteditthislineleaveitaloneplea.def

  Error reading character file: chars/asedonteditthislineleaveitaloneple/asedonteditthislineleaveitaloneple.def

  Error reading character file: chars/easedonteditthislineleaveitalonepl/easedonteditthislineleaveitalonepl.def

  Error reading character file: chars/leasedonteditthislineleaveitalonep/leasedonteditthislineleaveitalonep.def

  Error reading character file: chars/donteditthislineleaveitaloneplease/donteditthislineleaveitaloneplease.def

  Error reading character file: chars/edonteditthislineleaveitalonepleas/edonteditthislineleaveitalonepleas.def

  Error reading character file: chars/sedonteditthislineleaveitaloneplea/sedonteditthislineleaveitaloneplea.def

  Error reading character file: chars/asedonteditthislineleaveitaloneple/asedonteditthislineleaveitaloneple.def

  Error reading character file: chars/easedonteditthislineleaveitalonepl/easedonteditthislineleaveitalonepl.def

  Error reading character file: chars/leasedonteditthislineleaveitalonep/leasedonteditthislineleaveitalonep.def

  Error reading character file: chars/pleasedonteditthislineleaveitalone/pleasedonteditthislineleaveitalone.def

  Error reading character file: chars/epleasedonteditthislineleaveitalon/epleasedonteditthislineleaveitalon.def

  Error reading character file: chars/nepleasedonteditthislineleaveitalo/nepleasedonteditthislineleaveitalo.def

  Error reading character file: chars/onepleasedonteditthislineleaveital/onepleasedonteditthislineleaveital.def

  Error reading character file: chars/lonepleasedonteditthislineleaveita/lonepleasedonteditthislineleaveita.def

  Error reading character file: chars/donteditthislineleaveitaloneplease/donteditthislineleaveitaloneplease.def

  Error reading character file: chars/edonteditthislineleaveitalonepleas/edonteditthislineleaveitalonepleas.def

  Error reading character file: chars/sedonteditthislineleaveitaloneplea/sedonteditthislineleaveitaloneplea.def

  Error reading character file: chars/asedonteditthislineleaveitaloneple/asedonteditthislineleaveitaloneple.def

  Error reading character file: chars/easedonteditthislineleaveitalonepl/easedonteditthislineleaveitalonepl.def

  Error reading character file: chars/leasedonteditthislineleaveitalonep/leasedonteditthislineleaveitalonep.def

  Error reading character file: chars/donteditthislineleaveitaloneplease/donteditthislineleaveitaloneplease.def

  Error reading character file: chars/edonteditthislineleaveitalonepleas/edonteditthislineleaveitalonepleas.def

  Error reading character file: chars/sedonteditthislineleaveitaloneplea/sedonteditthislineleaveitaloneplea.def

  Error reading character file: chars/asedonteditthislineleaveitaloneple/asedonteditthislineleaveitaloneple.def

  Error reading character file: chars/easedonteditthislineleaveitalonepl/easedonteditthislineleaveitalonepl.def

  Error reading character file: chars/leasedonteditthislineleaveitalonep/leasedonteditthislineleaveitalonep.def

  Error reading character file: chars/pleasedonteditthislineleaveitalone/pleasedonteditthislineleaveitalone.def

  Error reading character file: chars/epleasedonteditthislineleaveitalon/epleasedonteditthislineleaveitalon.def

  Error reading character file: chars/nepleasedonteditthislineleaveitalo/nepleasedonteditthislineleaveitalo.def

  Error reading character file: chars/onepleasedonteditthislineleaveital/onepleasedonteditthislineleaveital.def

  Error reading character file: chars/lonepleasedonteditthislineleaveita/lonepleasedonteditthislineleaveita.def

  Error reading character file: chars/donteditthislineleaveitaloneplease/donteditthislineleaveitaloneplease.def

  Error reading character file: chars/edonteditthislineleaveitalonepleas/edonteditthislineleaveitalonepleas.def

  Error reading character file: chars/sedonteditthislineleaveitaloneplea/sedonteditthislineleaveitaloneplea.def

  Error reading character file: chars/asedonteditthislineleaveitaloneple/asedonteditthislineleaveitaloneple.def

  Error reading character file: chars/easedonteditthislineleaveitalonepl/easedonteditthislineleaveitalonepl.def

  Error reading character file: chars/leasedonteditthislineleaveitalonep/leasedonteditthislineleaveitalonep.def

  Error reading character file: chars/donteditthislineleaveitaloneplease/donteditthislineleaveitaloneplease.def

  Error reading character file: chars/edonteditthislineleaveitalonepleas/edonteditthislineleaveitalonepleas.def

  Error reading character file: chars/sedonteditthislineleaveitaloneplea/sedonteditthislineleaveitaloneplea.def

  Error reading character file: chars/asedonteditthislineleaveitaloneple/asedonteditthislineleaveitaloneple.def

  Error reading character file: chars/easedonteditthislineleaveitalonepl/easedonteditthislineleaveitalonepl.def

  Error reading character file: chars/leasedonteditthislineleaveitalonep/leasedonteditthislineleaveitalonep.def

  Error reading character file: chars/pleasedonteditthislineleaveitalone/pleasedonteditthislineleaveitalone.def

  Error reading character file: chars/epleasedonteditthislineleaveitalon/epleasedonteditthislineleaveitalon.def

  Error reading character file: chars/nepleasedonteditthislineleaveitalo/nepleasedonteditthislineleaveitalo.def

  Error reading character file: chars/onepleasedonteditthislineleaveital/onepleasedonteditthislineleaveital.def

  Error reading character file: chars/lonepleasedonteditthislineleaveita/lonepleasedonteditthislineleaveita.def

  Error reading character file: chars/donteditthislineleaveitaloneplease/donteditthislineleaveitaloneplease.def

  Error reading character file: chars/edonteditthislineleaveitalonepleas/edonteditthislineleaveitalonepleas.def

  Error reading character file: chars/sedonteditthislineleaveitaloneplea/sedonteditthislineleaveitaloneplea.def

  Error reading character file: chars/asedonteditthislineleaveitaloneple/asedonteditthislineleaveitaloneple.def

  Error reading character file: chars/easedonteditthislineleaveitalonepl/easedonteditthislineleaveitalonepl.def

  Error reading character file: chars/leasedonteditthislineleaveitalonep/leasedonteditthislineleaveitalonep.def

  Error reading character file: chars/donteditthislineleaveitaloneplease/donteditthislineleaveitaloneplease.def

  Error reading character file: chars/edonteditthislineleaveitalonepleas/edonteditthislineleaveitalonepleas.def

  Error reading character file: chars/sedonteditthislineleaveitaloneplea/sedonteditthislineleaveitaloneplea.def

  Error reading character file: chars/asedonteditthislineleaveitaloneple/asedonteditthislineleaveitaloneple.def

  Error reading character file: chars/easedonteditthislineleaveitalonepl/easedonteditthislineleaveitalonepl.def

  Error reading character file: chars/leasedonteditthislineleaveitalonep/leasedonteditthislineleaveitalonep.def

  Error reading character file: chars/pleasedonteditthislineleaveitalone/pleasedonteditthislineleaveitalone.def

  Error reading character file: chars/epleasedonteditthislineleaveitalon/epleasedonteditthislineleaveitalon.def

  Error reading character file: chars/nepleasedonteditthislineleaveitalo/nepleasedonteditthislineleaveitalo.def

  Error reading character file: chars/onepleasedonteditthislineleaveital/onepleasedonteditthislineleaveital.def

  Error reading character file: chars/donteditthislineleaveitaloneplease/donteditthislineleaveitaloneplease.def

  Error reading character file: chars/edonteditthislineleaveitalonepleas/edonteditthislineleaveitalonepleas.def

  Error reading character file: chars/sedonteditthislineleaveitaloneplea/sedonteditthislineleaveitaloneplea.def

  Error reading character file: chars/asedonteditthislineleaveitaloneple/asedonteditthislineleaveitaloneple.def

  Error reading character file: chars/easedonteditthislineleaveitalonepl/easedonteditthislineleaveitalonepl.def

  Error reading character file: chars/leasedonteditthislineleaveitalonep/leasedonteditthislineleaveitalonep.def

  Error reading character file: chars/pleasedonteditthislineleaveitalone/pleasedonteditthislineleaveitalone.def

  Error reading character file: chars/epleasedonteditthislineleaveitalon/epleasedonteditthislineleaveitalon.def

  Error reading character file: chars/nepleasedonteditthislineleaveitalo/nepleasedonteditthislineleaveitalo.def

  Error reading character file: chars/onepleasedonteditthislineleaveital/onepleasedonteditthislineleaveital.def

  Error reading character file: chars/lonepleasedonteditthislineleaveita/lonepleasedonteditthislineleaveita.def

  Error reading character file: chars/donteditthislineleaveitaloneplease/donteditthislineleaveitaloneplease.def

  Error reading character file: chars/edonteditthislineleaveitalonepleas/edonteditthislineleaveitalonepleas.def

  Error reading character file: chars/sedonteditthislineleaveitaloneplea/sedonteditthislineleaveitaloneplea.def

  Error reading character file: chars/asedonteditthislineleaveitaloneple/asedonteditthislineleaveitaloneple.def

  Error reading character file: chars/easedonteditthislineleaveitalonepl/easedonteditthislineleaveitalonepl.def

  Error reading character file: chars/leasedonteditthislineleaveitalonep/leasedonteditthislineleaveitalonep.def

  Error reading character file: chars/donteditthislineleaveitaloneplease/donteditthislineleaveitaloneplease.def

  Error reading character file: chars/edonteditthislineleaveitalonepleas/edonteditthislineleaveitalonepleas.def

  Error reading character file: chars/sedonteditthislineleaveitaloneplea/sedonteditthislineleaveitaloneplea.def

  Error reading character file: chars/asedonteditthislineleaveitaloneple/asedonteditthislineleaveitaloneple.def

  Error reading character file: chars/easedonteditthislineleaveitalonepl/easedonteditthislineleaveitalonepl.def

  Error reading character file: chars/leasedonteditthislineleaveitalonep/leasedonteditthislineleaveitalonep.def

  Error reading character file: chars/pleasedonteditthislineleaveitalone/pleasedonteditthislineleaveitalone.def

  Error reading character file: chars/epleasedonteditthislineleaveitalon/epleasedonteditthislineleaveitalon.def

  Error reading character file: chars/nepleasedonteditthislineleaveitalo/nepleasedonteditthislineleaveitalo.def

  Error reading character file: chars/onepleasedonteditthislineleaveital/onepleasedonteditthislineleaveital.def

  Error reading character file: chars/donteditthislineleaveitaloneplease/donteditthislineleaveitaloneplease.def

  Error reading character file: chars/edonteditthislineleaveitalonepleas/edonteditthislineleaveitalonepleas.def

  Error reading character file: chars/sedonteditthislineleaveitaloneplea/sedonteditthislineleaveitaloneplea.def

  Error reading character file: chars/asedonteditthislineleaveitaloneple/asedonteditthislineleaveitaloneple.def

  Error reading character file: chars/easedonteditthislineleaveitalonepl/easedonteditthislineleaveitalonepl.def

  Error reading character file: chars/leasedonteditthislineleaveitalonep/leasedonteditthislineleaveitalonep.def

  Error reading character file: chars/donteditthislineleaveitaloneplease/donteditthislineleaveitaloneplease.def

  Error reading character file: chars/edonteditthislineleaveitalonepleas/edonteditthislineleaveitalonepleas.def

  Error reading character file: chars/sedonteditthislineleaveitaloneplea/sedonteditthislineleaveitaloneplea.def

  Error reading character file: chars/asedonteditthislineleaveitaloneple/asedonteditthislineleaveitaloneple.def

  Error reading character file: chars/easedonteditthislineleaveitalonepl/easedonteditthislineleaveitalonepl.def

  Error reading character file: chars/leasedonteditthislineleaveitalonep/leasedonteditthislineleaveitalonep.def

  Error reading character file: chars/pleasedonteditthislineleaveitalone/pleasedonteditthislineleaveitalone.def

  Error reading character file: chars/epleasedonteditthislineleaveitalon/epleasedonteditthislineleaveitalon.def

  Error reading character file: chars/nepleasedonteditthislineleaveitalo/nepleasedonteditthislineleaveitalo.def

  Error reading character file: chars/onepleasedonteditthislineleaveital/onepleasedonteditthislineleaveital.def

  Error reading character file: chars/lonepleasedonteditthislineleaveita/lonepleasedonteditthislineleaveita.def

  Error reading character file: chars/donteditthislineleaveitaloneplease/donteditthislineleaveitaloneplease.def

  Error reading character file: chars/edonteditthislineleaveitalonepleas/edonteditthislineleaveitalonepleas.def

  Error reading character file: chars/sedonteditthislineleaveitaloneplea/sedonteditthislineleaveitaloneplea.def

  Error reading character file: chars/asedonteditthislineleaveitaloneple/asedonteditthislineleaveitaloneple.def

  Error reading character file: chars/easedonteditthislineleaveitalonepl/easedonteditthislineleaveitalonepl.def

  Error reading character file: chars/leasedonteditthislineleaveitalonep/leasedonteditthislineleaveitalonep.def

  Error reading character file: chars/pleasedonteditthislineleaveitalone/pleasedonteditthislineleaveitalone.def

  Error reading character file: chars/epleasedonteditthislineleaveitalon/epleasedonteditthislineleaveitalon.def

  Error reading character file: chars/nepleasedonteditthislineleaveitalo/nepleasedonteditthislineleaveitalo.def

  Error reading character file: chars/onepleasedonteditthislineleaveital/onepleasedonteditthislineleaveital.def

  Error reading character file: chars/donteditthislineleaveitaloneplease/donteditthislineleaveitaloneplease.def

  Error reading character file: chars/edonteditthislineleaveitalonepleas/edonteditthislineleaveitalonepleas.def

  Error reading character file: chars/sedonteditthislineleaveitaloneplea/sedonteditthislineleaveitaloneplea.def

  Error reading character file: chars/asedonteditthislineleaveitaloneple/asedonteditthislineleaveitaloneple.def

  Error reading character file: chars/easedonteditthislineleaveitalonepl/easedonteditthislineleaveitalonepl.def

  Error reading character file: chars/leasedonteditthislineleaveitalonep/leasedonteditthislineleaveitalonep.def

  Error reading character file: chars/donteditthislineleaveitaloneplease/donteditthislineleaveitaloneplease.def

  Error reading character file: chars/edonteditthislineleaveitalonepleas/edonteditthislineleaveitalonepleas.def

  Error reading character file: chars/sedonteditthislineleaveitaloneplea/sedonteditthislineleaveitaloneplea.def

  Error reading character file: chars/asedonteditthislineleaveitaloneple/asedonteditthislineleaveitaloneple.def

  Error reading character file: chars/easedonteditthislineleaveitalonepl/easedonteditthislineleaveitalonepl.def

  Error reading character file: chars/leasedonteditthislineleaveitalonep/leasedonteditthislineleaveitalonep.def

  Error reading character file: chars/pleasedonteditthislineleaveitalone/pleasedonteditthislineleaveitalone.def

  Error reading character file: chars/epleasedonteditthislineleaveitalon/epleasedonteditthislineleaveitalon.def

  Error reading character file: chars/nepleasedonteditthislineleaveitalo/nepleasedonteditthislineleaveitalo.def

  Error reading character file: chars/onepleasedonteditthislineleaveital/onepleasedonteditthislineleaveital.def

  Error reading character file: chars/lonepleasedonteditthislineleaveita/lonepleasedonteditthislineleaveita.def

  Error reading character file: chars/donteditthislineleaveitaloneplease/donteditthislineleaveitaloneplease.def

  Error reading character file: chars/edonteditthislineleaveitalonepleas/edonteditthislineleaveitalonepleas.def

  Error reading character file: chars/sedonteditthislineleaveitaloneplea/sedonteditthislineleaveitaloneplea.def

  Error reading character file: chars/asedonteditthislineleaveitaloneple/asedonteditthislineleaveitaloneple.def

  Error reading character file: chars/easedonteditthislineleaveitalonepl/easedonteditthislineleaveitalonepl.def

  Error reading character file: chars/leasedonteditthislineleaveitalonep/leasedonteditthislineleaveitalonep.def

  Error reading character file: chars/donteditthislineleaveitaloneplease/donteditthislineleaveitaloneplease.def

  Error reading character file: chars/edonteditthislineleaveitalonepleas/edonteditthislineleaveitalonepleas.def

  Error reading character file: chars/sedonteditthislineleaveitaloneplea/sedonteditthislineleaveitaloneplea.def

  Error reading character file: chars/asedonteditthislineleaveitaloneple/asedonteditthislineleaveitaloneple.def

  Error reading character file: chars/easedonteditthislineleaveitalonepl/easedonteditthislineleaveitalonepl.def

  Error reading character file: chars/leasedonteditthislineleaveitalonep/leasedonteditthislineleaveitalonep.def

  Error reading character file: chars/pleasedonteditthislineleaveitalone/pleasedonteditthislineleaveitalone.def

  Error reading character file: chars/epleasedonteditthislineleaveitalon/epleasedonteditthislineleaveitalon.def

  Error reading character file: chars/nepleasedonteditthislineleaveitalo/nepleasedonteditthislineleaveitalo.def

  Error reading character file: chars/onepleasedonteditthislineleaveital/onepleasedonteditthislineleaveital.def

  Error reading character file: chars/lonepleasedonteditthislineleaveita/lonepleasedonteditthislineleaveita.def

  Error reading character file: chars/donteditthislineleaveitaloneplease/donteditthislineleaveitaloneplease.def

  Error reading character file: chars/edonteditthislineleaveitalonepleas/edonteditthislineleaveitalonepleas.def

  Error reading character file: chars/sedonteditthislineleaveitaloneplea/sedonteditthislineleaveitaloneplea.def

  Error reading character file: chars/asedonteditthislineleaveitaloneple/asedonteditthislineleaveitaloneple.def

  Error reading character file: chars/easedonteditthislineleaveitalonepl/easedonteditthislineleaveitalonepl.def

  Error reading character file: chars/leasedonteditthislineleaveitalonep/leasedonteditthislineleaveitalonep.def

  Error reading character file: chars/donteditthislineleaveitaloneplease/donteditthislineleaveitaloneplease.def

  Error reading character file: chars/edonteditthislineleaveitalonepleas/edonteditthislineleaveitalonepleas.def

  Error reading character file: chars/sedonteditthislineleaveitaloneplea/sedonteditthislineleaveitaloneplea.def

  Error reading character file: chars/asedonteditthislineleaveitaloneple/asedonteditthislineleaveitaloneple.def

  Error reading character file: chars/easedonteditthislineleaveitalonepl/easedonteditthislineleaveitalonepl.def

  Error reading character file: chars/leasedonteditthislineleaveitalonep/leasedonteditthislineleaveitalonep.def

  Error reading character file: chars/pleasedonteditthislineleaveitalone/pleasedonteditthislineleaveitalone.def

  Error reading character file: chars/epleasedonteditthislineleaveitalon/epleasedonteditthislineleaveitalon.def

  Error reading character file: chars/nepleasedonteditthislineleaveitalo/nepleasedonteditthislineleaveitalo.def

  Error reading character file: chars/onepleasedonteditthislineleaveital/onepleasedonteditthislineleaveital.def

  Error reading character file: chars/lonepleasedonteditthislineleaveita/lonepleasedonteditthislineleaveita.def

  Error reading character file: chars/donteditthislineleaveitaloneplease/donteditthislineleaveitaloneplease.def

  Error reading character file: chars/edonteditthislineleaveitalonepleas/edonteditthislineleaveitalonepleas.def

  Error reading character file: chars/sedonteditthislineleaveitaloneplea/sedonteditthislineleaveitaloneplea.def

  Error reading character file: chars/asedonteditthislineleaveitaloneple/asedonteditthislineleaveitaloneple.def

  Error reading character file: chars/easedonteditthislineleaveitalonepl/easedonteditthislineleaveitalonepl.def

  Error reading character file: chars/leasedonteditthislineleaveitalonep/leasedonteditthislineleaveitalonep.def

  Error reading character file: chars/donteditthislineleaveitaloneplease/donteditthislineleaveitaloneplease.def

  Error reading character file: chars/edonteditthislineleaveitalonepleas/edonteditthislineleaveitalonepleas.def

  Error reading character file: chars/sedonteditthislineleaveitaloneplea/sedonteditthislineleaveitaloneplea.def

  Error reading character file: chars/asedonteditthislineleaveitaloneple/asedonteditthislineleaveitaloneple.def

  Error reading character file: chars/easedonteditthislineleaveitalonepl/easedonteditthislineleaveitalonepl.def

  Error reading character file: chars/leasedonteditthislineleaveitalonep/leasedonteditthislineleaveitalonep.def

  Error reading character file: chars/pleasedonteditthislineleaveitalone/pleasedonteditthislineleaveitalone.def

  Error reading character file: chars/epleasedonteditthislineleaveitalon/epleasedonteditthislineleaveitalon.def

  Error reading character file: chars/nepleasedonteditthislineleaveitalo/nepleasedonteditthislineleaveitalo.def

  Error reading character file: chars/onepleasedonteditthislineleaveital/onepleasedonteditthislineleaveital.def

  Error reading character file: chars/lonepleasedonteditthislineleaveita/lonepleasedonteditthislineleaveita.def

  Error reading character file: chars/donteditthislineleaveitaloneplease/donteditthislineleaveitaloneplease.def

  Error reading character file: chars/donteditthislineleaveitaloneplease/donteditthislineleaveitaloneplease.def

  Error reading character file: chars/edonteditthislineleaveitalonepleas/edonteditthislineleaveitalonepleas.def

  Error reading character file: chars/sedonteditthislineleaveitaloneplea/sedonteditthislineleaveitaloneplea.def

  Error reading character file: chars/asedonteditthislineleaveitaloneple/asedonteditthislineleaveitaloneple.def

  Error reading character file: chars/easedonteditthislineleaveitalonepl/easedonteditthislineleaveitalonepl.def

  Error reading character file: chars/leasedonteditthislineleaveitalonep/leasedonteditthislineleaveitalonep.def

  Error reading character file: chars/donteditthislineleaveitaloneplease/donteditthislineleaveitaloneplease.def

  Error reading character file: chars/edonteditthislineleaveitalonepleas/edonteditthislineleaveitalonepleas.def

  Error reading character file: chars/sedonteditthislineleaveitaloneplea/sedonteditthislineleaveitaloneplea.def

  Error reading character file: chars/asedonteditthislineleaveitaloneple/asedonteditthislineleaveitaloneple.def

  Error reading character file: chars/easedonteditthislineleaveitalonepl/easedonteditthislineleaveitalonepl.def

  Error reading character file: chars/leasedonteditthislineleaveitalonep/leasedonteditthislineleaveitalonep.def

  Error reading character file: chars/pleasedonteditthislineleaveitalone/pleasedonteditthislineleaveitalone.def

  Error reading character file: chars/epleasedonteditthislineleaveitalon/epleasedonteditthislineleaveitalon.def

  Error reading character file: chars/nepleasedonteditthislineleaveitalo/nepleasedonteditthislineleaveitalo.def

  Error reading character file: chars/onepleasedonteditthislineleaveital/onepleasedonteditthislineleaveital.def

  Error reading character file: chars/lonepleasedonteditthislineleaveita/lonepleasedonteditthislineleaveita.def

  Error reading character file: chars/donteditthislineleaveitaloneplease/donteditthislineleaveitaloneplease.def

  Error reading character file: chars/edonteditthislineleaveitalonepleas/edonteditthislineleaveitalonepleas.def

  Error reading character file: chars/donteditthislineleaveitaloneplease/donteditthislineleaveitaloneplease.def

  Error reading character file: chars/edonteditthislineleaveitalonepleas/edonteditthislineleaveitalonepleas.def

  Error reading character file: chars/sedonteditthislineleaveitaloneplea/sedonteditthislineleaveitaloneplea.def

  Error reading character file: chars/asedonteditthislineleaveitaloneple/asedonteditthislineleaveitaloneple.def

  Error reading character file: chars/easedonteditthislineleaveitalonepl/easedonteditthislineleaveitalonepl.def

  Error reading character file: chars/leasedonteditthislineleaveitalonep/leasedonteditthislineleaveitalonep.def

  Error reading character file: chars/donteditthislineleaveitaloneplease/donteditthislineleaveitaloneplease.def

  Error reading character file: chars/edonteditthislineleaveitalonepleas/edonteditthislineleaveitalonepleas.def

  Error reading character file: chars/sedonteditthislineleaveitaloneplea/sedonteditthislineleaveitaloneplea.def

  Error reading character file: chars/asedonteditthislineleaveitaloneple/asedonteditthislineleaveitaloneple.def

  Error reading character file: chars/easedonteditthislineleaveitalonepl/easedonteditthislineleaveitalonepl.def

  Error reading character file: chars/leasedonteditthislineleaveitalonep/leasedonteditthislineleaveitalonep.def

  Error reading character file: chars/pleasedonteditthislineleaveitalone/pleasedonteditthislineleaveitalone.def

  Error reading character file: chars/epleasedonteditthislineleaveitalon/epleasedonteditthislineleaveitalon.def

  Error reading character file: chars/nepleasedonteditthislineleaveitalo/nepleasedonteditthislineleaveitalo.def

  Error reading character file: chars/onepleasedonteditthislineleaveital/onepleasedonteditthislineleaveital.def

  Error reading character file: chars/lonepleasedonteditthislineleaveita/lonepleasedonteditthislineleaveita.def

  Error reading character file: chars/donteditthislineleaveitaloneplease/donteditthislineleaveitaloneplease.def

  Error reading character file: chars/edonteditthislineleaveitalonepleas/edonteditthislineleaveitalonepleas.def

  Error reading character file: chars/sedonteditthislineleaveitaloneplea/sedonteditthislineleaveitaloneplea.def

  Error reading character file: chars/asedonteditthislineleaveitaloneple/asedonteditthislineleaveitaloneple.def

  Error reading character file: chars/easedonteditthislineleaveitalonepl/easedonteditthislineleaveitalonepl.def

  Error reading character file: chars/leasedonteditthislineleaveitalonep/leasedonteditthislineleaveitalonep.def

  Error reading character file: chars/pleasedonteditthislineleaveitalone/pleasedonteditthislineleaveitalone.def

  Error reading character file: chars/epleasedonteditthislineleaveitalon/epleasedonteditthislineleaveitalon.def

  Error reading character file: chars/nepleasedonteditthislineleaveitalo/nepleasedonteditthislineleaveitalo.def

  Error reading character file: chars/onepleasedonteditthislineleaveital/onepleasedonteditthislineleaveital.def

  Error reading character file: chars/lonepleasedonteditthislineleaveita/lonepleasedonteditthislineleaveita.def

  Error reading character file: chars/alonepleasedonteditthislineleaveit/alonepleasedonteditthislineleaveit.def

  Error reading character file: chars/talonepleasedonteditthislineleavei/talonepleasedonteditthislineleavei.def

  Error reading character file: chars/italonepleasedonteditthislineleave/italonepleasedonteditthislineleave.def

  Error reading character file: chars/eitalonepleasedonteditthislineleav/eitalonepleasedonteditthislineleav.def

  Error reading character file: chars/veitalonepleasedonteditthislinelea/veitalonepleasedonteditthislinelea.def

  Error reading character file: chars/aveitalonepleasedonteditthislinele/aveitalonepleasedonteditthislinele.def

  Error reading character file: chars/eaveitalonepleasedonteditthislinel/eaveitalonepleasedonteditthislinel.def

  Error reading character file: chars/donteditthislineleaveitaloneplease/donteditthislineleaveitaloneplease.def

  Error reading character file: chars/donteditthislineleaveitaloneplease/donteditthislineleaveitaloneplease.def

  Error reading character file: chars/edonteditthislineleaveitalonepleas/edonteditthislineleaveitalonepleas.def

  Error reading character file: chars/sedonteditthislineleaveitaloneplea/sedonteditthislineleaveitaloneplea.def

  Error reading character file: chars/asedonteditthislineleaveitaloneple/asedonteditthislineleaveitaloneple.def

  Error reading character file: chars/easedonteditthislineleaveitalonepl/easedonteditthislineleaveitalonepl.def

  Error reading character file: chars/leasedonteditthislineleaveitalonep/leasedonteditthislineleaveitalonep.def

  Error reading character file: chars/pleasedonteditthislineleaveitalone/pleasedonteditthislineleaveitalone.def

  Error reading character file: chars/epleasedonteditthislineleaveitalon/epleasedonteditthislineleaveitalon.def

  Error reading character file: chars/nepleasedonteditthislineleaveitalo/nepleasedonteditthislineleaveitalo.def

  Error reading character file: chars/onepleasedonteditthislineleaveital/onepleasedonteditthislineleaveital.def
OK
Gameflow 3
Gameflow 4
Entering mode select.
Unloading match assets
Freeing players
Game loop init
Mode select init
End of mode select loop
Game loop deinit
Returned from gameflow loop
Deinitializing...
Frames      : 197
Time elapsed: 3.550 sec
ticks: 355, tps: 100, start 271, end 626

Unloading match assets
Freeing players
Clearing player cache...OK
Freeing character info...OK
Freeing select screen...OK
Freeing fight data...OK
Freeing system data...OK
Freeing game variables...Unloading match assets
Freeing players
OK
Deinitializing input...pad...keyboard...OK
Removing callbacks...OK
Deintializing timer...OK
Deinitializing graphics...OK
Deinitializing BGM...OK
Deinitializing sound...OK
Successful program termination.

Log file successfully closed.
